<?xml version="1.0" encoding="UTF-8"?>
<testng-results ignored="0" total="4" passed="4" failed="0" skipped="0">
  <reporter-output>
  </reporter-output>
  <suite started-at="2020-06-23T17:55:15Z" name="Suite" finished-at="2020-06-23T17:56:10Z" duration-ms="55321">
    <groups>
    </groups>
    <test started-at="2020-06-23T17:55:15Z" name="Test" finished-at="2020-06-23T17:56:10Z" duration-ms="55321">
      <class name="TestFlows.testFlow1">
        <test-method is-config="true" signature="setUp()[pri:0, instance:TestFlows.testFlow1@1df82230]" started-at="2020-06-23T17:55:24Z" name="setUp" finished-at="2020-06-23T17:55:30Z" duration-ms="6170" status="PASS">
          <reporter-output>
          </reporter-output>
        </test-method> <!-- setUp -->
        <test-method signature="testFlow1Test1()[pri:1, instance:TestFlows.testFlow1@1df82230]" started-at="2020-06-23T17:55:30Z" name="testFlow1Test1" finished-at="2020-06-23T17:55:34Z" duration-ms="4366" status="PASS">
          <reporter-output>
          </reporter-output>
        </test-method> <!-- testFlow1Test1 -->
        <test-method is-config="true" signature="tearDown()[pri:0, instance:TestFlows.testFlow1@1df82230]" started-at="2020-06-23T17:55:34Z" name="tearDown" finished-at="2020-06-23T17:55:38Z" duration-ms="4333" status="PASS">
          <reporter-output>
          </reporter-output>
        </test-method> <!-- tearDown -->
        <test-method is-config="true" signature="setUp()[pri:0, instance:TestFlows.testFlow1@1df82230]" started-at="2020-06-23T17:55:38Z" name="setUp" finished-at="2020-06-23T17:55:45Z" duration-ms="6170" status="PASS">
          <reporter-output>
          </reporter-output>
        </test-method> <!-- setUp -->
        <test-method signature="testFlow1Test2()[pri:2, instance:TestFlows.testFlow1@1df82230]" started-at="2020-06-23T17:55:45Z" name="testFlow1Test2" finished-at="2020-06-23T17:55:49Z" duration-ms="3880" status="PASS">
          <reporter-output>
          </reporter-output>
        </test-method> <!-- testFlow1Test2 -->
        <test-method is-config="true" signature="tearDown()[pri:0, instance:TestFlows.testFlow1@1df82230]" started-at="2020-06-23T17:55:49Z" name="tearDown" finished-at="2020-06-23T17:55:53Z" duration-ms="4330" status="PASS">
          <reporter-output>
          </reporter-output>
        </test-method> <!-- tearDown -->
        <test-method is-config="true" signature="setUp()[pri:0, instance:TestFlows.testFlow1@1df82230]" started-at="2020-06-23T17:55:53Z" name="setUp" finished-at="2020-06-23T17:55:59Z" duration-ms="6167" status="PASS">
          <reporter-output>
          </reporter-output>
        </test-method> <!-- setUp -->
        <test-method signature="testFlow1Test3()[pri:3, instance:TestFlows.testFlow1@1df82230]" started-at="2020-06-23T17:55:59Z" name="testFlow1Test3" finished-at="2020-06-23T17:56:06Z" duration-ms="6634" status="PASS">
          <reporter-output>
          </reporter-output>
        </test-method> <!-- testFlow1Test3 -->
        <test-method is-config="true" signature="tearDown()[pri:0, instance:TestFlows.testFlow1@1df82230]" started-at="2020-06-23T17:56:06Z" name="tearDown" finished-at="2020-06-23T17:56:10Z" duration-ms="4329" status="PASS">
          <reporter-output>
          </reporter-output>
        </test-method> <!-- tearDown -->
      </class> <!-- TestFlows.testFlow1 -->
      <class name="TestFlows.testFlow2">
        <test-method is-config="true" signature="setUp()[pri:0, instance:TestFlows.testFlow2@79ad8b2f]" started-at="2020-06-23T17:55:15Z" name="setUp" finished-at="2020-06-23T17:55:21Z" duration-ms="6578" status="PASS">
          <reporter-output>
          </reporter-output>
        </test-method> <!-- setUp -->
        <test-method signature="testFlow2Test1()[pri:0, instance:TestFlows.testFlow2@79ad8b2f]" started-at="2020-06-23T17:55:21Z" name="testFlow2Test1" finished-at="2020-06-23T17:55:23Z" duration-ms="2194" status="PASS">
          <reporter-output>
          </reporter-output>
        </test-method> <!-- testFlow2Test1 -->
        <test-method is-config="true" signature="tearDown()[pri:0, instance:TestFlows.testFlow2@79ad8b2f]" started-at="2020-06-23T17:55:23Z" name="tearDown" finished-at="2020-06-23T17:55:24Z" duration-ms="127" status="PASS">
          <reporter-output>
          </reporter-output>
        </test-method> <!-- tearDown -->
      </class> <!-- TestFlows.testFlow2 -->
    </test> <!-- Test -->
  </suite> <!-- Suite -->
</testng-results>
