<?xml version="1.0" encoding="UTF-8"?>
<!-- Generated by org.testng.reporters.JUnitXMLReporter -->
<testsuite ignored="0" hostname="LAPTOP-4F11CKJ5" failures="0" tests="3" name="Default test" time="45.127" errors="0" timestamp="30 Aug. 2020 17:59:18 GMT">
  <testcase classname="TestFlows.testFlow1" name="testFlow1Test1" time="4.757"/>
  <testcase classname="TestFlows.testFlow1" name="testFlow1Test2" time="4.684"/>
  <testcase classname="TestFlows.testFlow1" name="testFlow1Test3" time="7.004"/>
</testsuite> <!-- Default test -->
