<?xml version="1.0" encoding="UTF-8"?>
<!-- Generated by org.testng.reporters.JUnitXMLReporter -->
<testsuite ignored="0" hostname="LAPTOP-4F11CKJ5" failures="0" tests="4" name="Test" time="49.246" errors="0" timestamp="22 Jun. 2020 18:55:05 GMT">
  <testcase classname="TestFlows.testFlow2" name="testFlow2Test1" time="1.103"/>
  <testcase classname="TestFlows.testFlow1" name="testFlow1Test1" time="4.347"/>
  <testcase classname="TestFlows.testFlow1" name="testFlow1Test2" time="4.405"/>
  <testcase classname="TestFlows.testFlow1" name="testFlow1Test3" time="6.639"/>
</testsuite> <!-- Test -->
