<?xml version="1.0" encoding="UTF-8"?>
<!-- Generated by org.testng.reporters.JUnitXMLReporter -->
<testsuite ignored="0" hostname="LAPTOP-4F11CKJ5" failures="0" tests="4" name="Test" time="68.67" errors="0" timestamp="30 Aug. 2020 18:02:10 GMT">
  <testcase classname="TestFlows.testFlow2" name="testFlow2Test1" time="1.321"/>
  <testcase classname="TestFlows.testFlow1" name="testFlow1Test1" time="5.045"/>
  <testcase classname="TestFlows.testFlow1" name="testFlow1Test2" time="7.277"/>
  <testcase classname="TestFlows.testFlow1" name="testFlow1Test3" time="7.052"/>
</testsuite> <!-- Test -->
