<?xml version="1.0" encoding="UTF-8"?>
<testng-results ignored="0" total="4" passed="4" failed="0" skipped="0">
  <reporter-output>
  </reporter-output>
  <suite started-at="2020-08-30T18:01:01Z" name="Suite" finished-at="2020-08-30T18:02:10Z" duration-ms="68670">
    <groups>
    </groups>
    <test started-at="2020-08-30T18:01:01Z" name="Test" finished-at="2020-08-30T18:02:10Z" duration-ms="68670">
      <class name="TestFlows.testFlow1">
        <test-method is-config="true" signature="setUp()[pri:0, instance:TestFlows.testFlow1@67d48005]" started-at="2020-08-30T18:01:18Z" name="setUp" finished-at="2020-08-30T18:01:27Z" duration-ms="9770" status="PASS">
          <reporter-output>
          </reporter-output>
        </test-method> <!-- setUp -->
        <test-method signature="testFlow1Test1()[pri:1, instance:TestFlows.testFlow1@67d48005]" started-at="2020-08-30T18:01:27Z" name="testFlow1Test1" finished-at="2020-08-30T18:01:32Z" duration-ms="5045" status="PASS">
          <reporter-output>
          </reporter-output>
        </test-method> <!-- testFlow1Test1 -->
        <test-method is-config="true" signature="tearDown()[pri:0, instance:TestFlows.testFlow1@67d48005]" started-at="2020-08-30T18:01:32Z" name="tearDown" finished-at="2020-08-30T18:01:37Z" duration-ms="4141" status="PASS">
          <reporter-output>
          </reporter-output>
        </test-method> <!-- tearDown -->
        <test-method is-config="true" signature="setUp()[pri:0, instance:TestFlows.testFlow1@67d48005]" started-at="2020-08-30T18:01:37Z" name="setUp" finished-at="2020-08-30T18:01:44Z" duration-ms="7794" status="PASS">
          <reporter-output>
          </reporter-output>
        </test-method> <!-- setUp -->
        <test-method signature="testFlow1Test2()[pri:2, instance:TestFlows.testFlow1@67d48005]" started-at="2020-08-30T18:01:44Z" name="testFlow1Test2" finished-at="2020-08-30T18:01:52Z" duration-ms="7277" status="PASS">
          <reporter-output>
          </reporter-output>
        </test-method> <!-- testFlow1Test2 -->
        <test-method is-config="true" signature="tearDown()[pri:0, instance:TestFlows.testFlow1@67d48005]" started-at="2020-08-30T18:01:52Z" name="tearDown" finished-at="2020-08-30T18:01:52Z" duration-ms="166" status="PASS">
          <reporter-output>
          </reporter-output>
        </test-method> <!-- tearDown -->
        <test-method is-config="true" signature="setUp()[pri:0, instance:TestFlows.testFlow1@67d48005]" started-at="2020-08-30T18:01:52Z" name="setUp" finished-at="2020-08-30T18:01:59Z" duration-ms="7158" status="PASS">
          <reporter-output>
          </reporter-output>
        </test-method> <!-- setUp -->
        <test-method signature="testFlow1Test3()[pri:3, instance:TestFlows.testFlow1@67d48005]" started-at="2020-08-30T18:01:59Z" name="testFlow1Test3" finished-at="2020-08-30T18:02:06Z" duration-ms="7052" status="PASS">
          <reporter-output>
          </reporter-output>
        </test-method> <!-- testFlow1Test3 -->
        <test-method is-config="true" signature="tearDown()[pri:0, instance:TestFlows.testFlow1@67d48005]" started-at="2020-08-30T18:02:06Z" name="tearDown" finished-at="2020-08-30T18:02:10Z" duration-ms="4124" status="PASS">
          <reporter-output>
          </reporter-output>
        </test-method> <!-- tearDown -->
      </class> <!-- TestFlows.testFlow1 -->
      <class name="TestFlows.testFlow2">
        <test-method is-config="true" signature="setUp()[pri:0, instance:TestFlows.testFlow2@294425a7]" started-at="2020-08-30T18:01:01Z" name="setUp" finished-at="2020-08-30T18:01:12Z" duration-ms="10426" status="PASS">
          <reporter-output>
          </reporter-output>
        </test-method> <!-- setUp -->
        <test-method signature="testFlow2Test1()[pri:0, instance:TestFlows.testFlow2@294425a7]" started-at="2020-08-30T18:01:12Z" name="testFlow2Test1" finished-at="2020-08-30T18:01:13Z" duration-ms="1321" status="PASS">
          <reporter-output>
          </reporter-output>
        </test-method> <!-- testFlow2Test1 -->
        <test-method is-config="true" signature="tearDown()[pri:0, instance:TestFlows.testFlow2@294425a7]" started-at="2020-08-30T18:01:13Z" name="tearDown" finished-at="2020-08-30T18:01:18Z" duration-ms="4355" status="PASS">
          <reporter-output>
          </reporter-output>
        </test-method> <!-- tearDown -->
      </class> <!-- TestFlows.testFlow2 -->
    </test> <!-- Test -->
  </suite> <!-- Suite -->
</testng-results>
